[4mRunning "buildIndex" task[24m

[4mRunning "sass:theme" (sass) task[24m

[4mRunning "connect:livereload" (connect) task[24m
Started connect web server on http://localhost:9000

[4mRunning "watch" task[24m
Waiting...
[32m>> [39mFile "slides/index.md" changed.
[36mCompleted in 0.000s at Fri May 22 2015 04:46:37 GMT-0500 (CDT)[39m - Waiting...
[32m>> [39mFile "slides/index.md" changed.
[36mCompleted in 0.000s at Fri May 22 2015 04:46:49 GMT-0500 (CDT)[39m - Waiting...
[32m>> [39mFile "slides/index.md" changed.
[36mCompleted in 0.000s at Fri May 22 2015 04:48:41 GMT-0500 (CDT)[39m - Waiting...
[32m>> [39mFile "slides/que-es.md" deleted.
[32m>> [39mFile "slides/Estructura.md" renamed.
[36mCompleted in 0.000s at Fri May 22 2015 04:49:05 GMT-0500 (CDT)[39m - Waiting...
[32m>> [39mFile "slides/Estructura.md" deleted.
[32m>> [39mFile "slides/Componentes.md" renamed.
[36mCompleted in 0.000s at Fri May 22 2015 04:49:21 GMT-0500 (CDT)[39m - Waiting...
[32m>> [39mFile "slides/list.json" changed.
[4mRunning "buildIndex" task[24m

[32mDone, without errors.[39m
[36mCompleted in 3.502s at Fri May 22 2015 04:49:48 GMT-0500 (CDT)[39m - Waiting...
[32m>> [39mFile "index.html" changed.
[32m>> [39mFile "slides/Componentes.md" deleted.
[32m>> [39mFile "slides/componentes.md" renamed.
[36mCompleted in 0.000s at Fri May 22 2015 04:49:51 GMT-0500 (CDT)[39m - Waiting...
[32m>> [39mFile "slides/Estructura.md" added.
[36mCompleted in 0.000s at Fri May 22 2015 04:50:24 GMT-0500 (CDT)[39m - Waiting...
[32m>> [39mFile "images" added.
[4mRunning "coffeelint:all" (coffeelint) task[24m
[32m>> [39m1 file lint free.

[32mDone, without errors.[39m
[36mCompleted in 2.197s at Fri May 22 2015 04:54:11 GMT-0500 (CDT)[39m - Waiting...
[32m>> [39mFile "slides/docker.md" changed.
[36mCompleted in 0.000s at Fri May 22 2015 04:54:46 GMT-0500 (CDT)[39m - Waiting...
[32m>> [39mFile "slides/Estructura.md" changed.
[36mCompleted in 0.000s at Fri May 22 2015 04:55:05 GMT-0500 (CDT)[39m - Waiting...
[32m>> [39mFile "slides/Estructura.md" changed.
[36mCompleted in 0.000s at Fri May 22 2015 04:56:01 GMT-0500 (CDT)[39m - Waiting...
[32m>> [39mFile "slides/list.json" changed.
[32m>> [39mFile "slides/cli.md" added.
[4mRunning "buildIndex" task[24m

[32mDone, without errors.[39m
[36mCompleted in 1.573s at Fri May 22 2015 04:56:20 GMT-0500 (CDT)[39m - Waiting...
[32m>> [39mFile "index.html" changed.
[36mCompleted in 0.000s at Fri May 22 2015 04:56:20 GMT-0500 (CDT)[39m - Waiting...
[32m>> [39mFile "slides/list.json" changed.
[4mRunning "buildIndex" task[24m

[32mDone, without errors.[39m
[36mCompleted in 9.052s at Fri May 22 2015 04:59:17 GMT-0500 (CDT)[39m - Waiting...
[32m>> [39mFile "index.html" changed.
[36mCompleted in 0.000s at Fri May 22 2015 04:59:17 GMT-0500 (CDT)[39m - Waiting...
[32m>> [39mFile "templates/_index.html" changed.
[4mRunning "buildIndex" task[24m

[32mDone, without errors.[39m
[36mCompleted in 1.950s at Fri May 22 2015 05:05:17 GMT-0500 (CDT)[39m - Waiting...
[32m>> [39mFile "index.html" changed.
[36mCompleted in 0.000s at Fri May 22 2015 05:05:17 GMT-0500 (CDT)[39m - Waiting...
[4mRunning "buildIndex" task[24m

[4mRunning "sass:theme" (sass) task[24m

[4mRunning "connect:livereload" (connect) task[24m
Started connect web server on http://localhost:9000

[4mRunning "watch" task[24m
Waiting...
[32m>> [39mFile "templates/_index.html" changed.
[4mRunning "buildIndex" task[24m

[32mDone, without errors.[39m
[36mCompleted in 1.627s at Fri May 22 2015 05:07:18 GMT-0500 (CDT)[39m - Waiting...
[32m>> [39mFile "index.html" changed.
[36mCompleted in 0.001s at Fri May 22 2015 05:07:18 GMT-0500 (CDT)[39m - Waiting...
[32m>> [39mFile "templates/_index.html" changed.
[4mRunning "buildIndex" task[24m

[32mDone, without errors.[39m
[36mCompleted in 1.644s at Fri May 22 2015 05:07:48 GMT-0500 (CDT)[39m - Waiting...
[32m>> [39mFile "templates/_index.html" changed.
[32m>> [39mFile "index.html" changed.
[36mCompleted in 0.000s at Fri May 22 2015 05:07:49 GMT-0500 (CDT)[39m - Waiting...
[32m>> [39mFile "css/theme" added.
[36mCompleted in 0.000s at Fri May 22 2015 05:09:01 GMT-0500 (CDT)[39m - Waiting...
[32m>> [39mFile "templates/_index.html" changed.
[4mRunning "buildIndex" task[24m

[32mDone, without errors.[39m
[36mCompleted in 2.173s at Fri May 22 2015 05:18:08 GMT-0500 (CDT)[39m - Waiting...
[32m>> [39mFile "index.html" changed.
[36mCompleted in 0.000s at Fri May 22 2015 05:18:08 GMT-0500 (CDT)[39m - Waiting...
[32m>> [39mFile "templates/_index.html" changed.
[4mRunning "buildIndex" task[24m

[32mDone, without errors.[39m
[36mCompleted in 1.906s at Fri May 22 2015 05:20:02 GMT-0500 (CDT)[39m - Waiting...
[32m>> [39mFile "index.html" changed.
[36mCompleted in 0.000s at Fri May 22 2015 05:20:02 GMT-0500 (CDT)[39m - Waiting...
[32m>> [39mFile "slides/Estructura.md" changed.
[36mCompleted in 0.000s at Fri May 22 2015 05:24:43 GMT-0500 (CDT)[39m - Waiting...
[32m>> [39mFile "slides/Estructura.md" deleted.
[32m>> [39mFile "slides/estructura.md" renamed.
[36mCompleted in 0.000s at Fri May 22 2015 05:24:48 GMT-0500 (CDT)[39m - Waiting...
[32m>> [39mFile "slides/list.json" changed.
[4mRunning "buildIndex" task[24m

[32mDone, without errors.[39m
[36mCompleted in 1.569s at Fri May 22 2015 05:25:06 GMT-0500 (CDT)[39m - Waiting...
[32m>> [39mFile "index.html" changed.
[36mCompleted in 0.001s at Fri May 22 2015 05:25:06 GMT-0500 (CDT)[39m - Waiting...
[32m>> [39mFile "slides/estructura.md" changed.
[36mCompleted in 0.000s at Fri May 22 2015 05:25:12 GMT-0500 (CDT)[39m - Waiting...
[32m>> [39mFile "slides/componentes.md" changed.
[36mCompleted in 0.000s at Fri May 22 2015 05:25:16 GMT-0500 (CDT)[39m - Waiting...
[32m>> [39mFile "slides/componentes.md" changed.
[36mCompleted in 0.000s at Fri May 22 2015 05:25:53 GMT-0500 (CDT)[39m - Waiting...
[32m>> [39mFile "slides/componentes.md" changed.
[36mCompleted in 0.000s at Fri May 22 2015 05:26:03 GMT-0500 (CDT)[39m - Waiting...
[32m>> [39mFile "slides/componentes.md" changed.
[36mCompleted in 0.000s at Fri May 22 2015 05:26:27 GMT-0500 (CDT)[39m - Waiting...
[32m>> [39mFile "slides/componentes.md" changed.
[36mCompleted in 0.000s at Fri May 22 2015 05:38:49 GMT-0500 (CDT)[39m - Waiting...
[32m>> [39mFile "slides/componentes.md" changed.
[36mCompleted in 0.000s at Fri May 22 2015 05:39:13 GMT-0500 (CDT)[39m - Waiting...
[32m>> [39mFile "slides/estructura.md" changed.
[36mCompleted in 0.000s at Fri May 22 2015 05:39:33 GMT-0500 (CDT)[39m - Waiting...
[32m>> [39mFile "slides/docker.md" changed.
[36mCompleted in 0.000s at Fri May 22 2015 05:44:34 GMT-0500 (CDT)[39m - Waiting...
[32m>> [39mFile "slides/estructura.md" changed.
[36mCompleted in 0.000s at Fri May 22 2015 05:45:45 GMT-0500 (CDT)[39m - Waiting...
[32m>> [39mFile "slides/componentes.md" changed.
[36mCompleted in 0.000s at Fri May 22 2015 05:47:20 GMT-0500 (CDT)[39m - Waiting...
[32m>> [39mFile "slides/list.json" changed.
[4mRunning "buildIndex" task[24m

[32mDone, without errors.[39m
[36mCompleted in 4.260s at Fri May 22 2015 05:50:00 GMT-0500 (CDT)[39m - Waiting...
[32m>> [39mFile "slides/hello-world.md" added.
[32m>> [39mFile "index.html" changed.
[36mCompleted in 0.000s at Fri May 22 2015 05:50:00 GMT-0500 (CDT)[39m - Waiting...
[32m>> [39mFile "slides/list.json" changed.
[4mRunning "buildIndex" task[24m

[32mDone, without errors.[39m
[36mCompleted in 7.826s at Fri May 22 2015 05:50:17 GMT-0500 (CDT)[39m - Waiting...
[32m>> [39mFile "index.html" changed.
[36mCompleted in 0.000s at Fri May 22 2015 05:50:18 GMT-0500 (CDT)[39m - Waiting...
[32m>> [39mFile "slides/estructura.md" changed.
[36mCompleted in 0.000s at Fri May 22 2015 05:50:36 GMT-0500 (CDT)[39m - Waiting...
[32m>> [39mFile "slides/estructura.md" changed.
[36mCompleted in 0.000s at Fri May 22 2015 05:50:58 GMT-0500 (CDT)[39m - Waiting...
[32m>> [39mFile "slides/hello-world.md" changed.
[36mCompleted in 0.000s at Fri May 22 2015 05:53:37 GMT-0500 (CDT)[39m - Waiting...
[32m>> [39mFile "slides/hello-world.md" changed.
[36mCompleted in 0.000s at Fri May 22 2015 06:13:58 GMT-0500 (CDT)[39m - Waiting...
[32m>> [39mFile "slides/hello-world.md" changed.
[36mCompleted in 0.000s at Fri May 22 2015 06:15:03 GMT-0500 (CDT)[39m - Waiting...
[32m>> [39mFile "slides/hello-world.md" changed.
[36mCompleted in 0.000s at Fri May 22 2015 06:15:34 GMT-0500 (CDT)[39m - Waiting...
[32m>> [39mFile "slides/cli.md" changed.
[36mCompleted in 0.000s at Fri May 22 2015 06:16:54 GMT-0500 (CDT)[39m - Waiting...
[32m>> [39mFile "slides/cli.md" changed.
[36mCompleted in 0.000s at Fri May 22 2015 06:23:52 GMT-0500 (CDT)[39m - Waiting...
[32m>> [39mFile "slides/cli.md" changed.
[36mCompleted in 0.000s at Fri May 22 2015 06:24:16 GMT-0500 (CDT)[39m - Waiting...
[32m>> [39mFile "slides/cli.md" changed.
[36mCompleted in 0.000s at Fri May 22 2015 06:24:35 GMT-0500 (CDT)[39m - Waiting...
[32m>> [39mFile "slides/cli.md" changed.
[36mCompleted in 0.000s at Fri May 22 2015 06:24:53 GMT-0500 (CDT)[39m - Waiting...
[32m>> [39mFile "slides/cli.md" changed.
[36mCompleted in 0.000s at Fri May 22 2015 06:25:01 GMT-0500 (CDT)[39m - Waiting...
[32m>> [39mFile "slides/cli.md" changed.
[36mCompleted in 0.000s at Fri May 22 2015 06:25:35 GMT-0500 (CDT)[39m - Waiting...
[32m>> [39mFile "slides/cli.md" changed.
[36mCompleted in 0.000s at Fri May 22 2015 06:26:34 GMT-0500 (CDT)[39m - Waiting...
[32m>> [39mFile "slides/cli.md" changed.
[36mCompleted in 0.000s at Fri May 22 2015 06:26:39 GMT-0500 (CDT)[39m - Waiting...
[32m>> [39mFile "slides/cli.md" changed.
[36mCompleted in 0.000s at Fri May 22 2015 06:27:20 GMT-0500 (CDT)[39m - Waiting...
[32m>> [39mFile "slides/cli.md" changed.
[36mCompleted in 0.000s at Fri May 22 2015 06:28:01 GMT-0500 (CDT)[39m - Waiting...
[32m>> [39mFile "slides/cli.md" changed.
[36mCompleted in 0.000s at Fri May 22 2015 06:28:35 GMT-0500 (CDT)[39m - Waiting...
[32m>> [39mFile "slides/hello-world.md" changed.
[36mCompleted in 0.000s at Fri May 22 2015 06:33:34 GMT-0500 (CDT)[39m - Waiting...
[32m>> [39mFile "slides/list.json" changed.
[32m>> [39mFile "slides/hello-world-2.md" added.
[4mRunning "buildIndex" task[24m

[32mDone, without errors.[39m
[36mCompleted in 1.742s at Fri May 22 2015 06:43:37 GMT-0500 (CDT)[39m - Waiting...
[32m>> [39mFile "index.html" changed.
[36mCompleted in 0.002s at Fri May 22 2015 06:43:37 GMT-0500 (CDT)[39m - Waiting...
[32m>> [39mFile "slides/hello-world.md" changed.
[36mCompleted in 0.000s at Fri May 22 2015 06:43:59 GMT-0500 (CDT)[39m - Waiting...
[32m>> [39mFile "slides/hello-world-2.md" changed.
[36mCompleted in 0.000s at Fri May 22 2015 06:44:07 GMT-0500 (CDT)[39m - Waiting...
[32m>> [39mFile "slides/hello-world-2.md" changed.
[36mCompleted in 0.000s at Fri May 22 2015 06:44:23 GMT-0500 (CDT)[39m - Waiting...
[32m>> [39mFile "slides/hello-world.md" changed.
[36mCompleted in 0.000s at Fri May 22 2015 06:44:26 GMT-0500 (CDT)[39m - Waiting...
[32m>> [39mFile "slides/hello-world-2.md" changed.
[36mCompleted in 0.000s at Fri May 22 2015 06:50:22 GMT-0500 (CDT)[39m - Waiting...
[32m>> [39mFile "slides/hello-world-2.md" changed.
[36mCompleted in 0.000s at Fri May 22 2015 06:53:06 GMT-0500 (CDT)[39m - Waiting...
[32m>> [39mFile "slides/hello-world-2.md" changed.
[36mCompleted in 0.000s at Fri May 22 2015 06:53:58 GMT-0500 (CDT)[39m - Waiting...
[32m>> [39mFile "slides/hello-world-2.md" changed.
[36mCompleted in 0.000s at Fri May 22 2015 06:54:15 GMT-0500 (CDT)[39m - Waiting...
[32m>> [39mFile "slides/hello-world-2.md" changed.
[36mCompleted in 0.000s at Fri May 22 2015 06:54:25 GMT-0500 (CDT)[39m - Waiting...
[32m>> [39mFile "slides/hello-world-2.md" changed.
[36mCompleted in 0.000s at Fri May 22 2015 06:54:48 GMT-0500 (CDT)[39m - Waiting...
[32m>> [39mFile "slides/list.json" changed.
[4mRunning "buildIndex" task[24m

[32mDone, without errors.[39m
[36mCompleted in 2.607s at Fri May 22 2015 06:54:57 GMT-0500 (CDT)[39m - Waiting...
[32m>> [39mFile "index.html" changed.
[36mCompleted in 0.000s at Fri May 22 2015 06:54:58 GMT-0500 (CDT)[39m - Waiting...
[32m>> [39mFile "slides/cli.md" changed.
[36mCompleted in 0.000s at Fri May 22 2015 06:56:12 GMT-0500 (CDT)[39m - Waiting...
[32m>> [39mFile "slides/cli.md" changed.
[36mCompleted in 0.000s at Fri May 22 2015 06:56:23 GMT-0500 (CDT)[39m - Waiting...
[32m>> [39mFile "slides/list.json" changed.
[32m>> [39mFile "slides/crear-ambiente.md" added.
[4mRunning "buildIndex" task[24m

[32mDone, without errors.[39m
[36mCompleted in 1.765s at Fri May 22 2015 06:58:25 GMT-0500 (CDT)[39m - Waiting...
[32m>> [39mFile "index.html" changed.
[36mCompleted in 0.000s at Fri May 22 2015 06:58:25 GMT-0500 (CDT)[39m - Waiting...
[32m>> [39mFile "slides/crear-ambiente.md" changed.
[36mCompleted in 0.001s at Fri May 22 2015 06:59:52 GMT-0500 (CDT)[39m - Waiting...
[32m>> [39mFile "slides/cli.md" changed.
[36mCompleted in 0.000s at Fri May 22 2015 07:00:15 GMT-0500 (CDT)[39m - Waiting...
[32m>> [39mFile "slides/crear-ambiente.md" changed.
[36mCompleted in 0.000s at Fri May 22 2015 07:00:25 GMT-0500 (CDT)[39m - Waiting...
[32m>> [39mFile "slides/list.json" changed.
[4mRunning "buildIndex" task[24m

[32mDone, without errors.[39m
[36mCompleted in 2.041s at Fri May 22 2015 07:00:51 GMT-0500 (CDT)[39m - Waiting...
[32m>> [39mFile "index.html" changed.
[36mCompleted in 0.000s at Fri May 22 2015 07:00:51 GMT-0500 (CDT)[39m - Waiting...
[32m>> [39mFile "slides/crear-ambiente.md" changed.
[36mCompleted in 0.000s at Fri May 22 2015 07:01:32 GMT-0500 (CDT)[39m - Waiting...
[32m>> [39mFile "slides/crear-ambiente.md" changed.
[36mCompleted in 0.000s at Fri May 22 2015 07:01:41 GMT-0500 (CDT)[39m - Waiting...
[32m>> [39mFile "slides/crear-ambiente.md" changed.
[36mCompleted in 0.000s at Fri May 22 2015 07:02:11 GMT-0500 (CDT)[39m - Waiting...
[32m>> [39mFile "slides/crear-ambiente.md" changed.
[36mCompleted in 0.000s at Fri May 22 2015 07:03:09 GMT-0500 (CDT)[39m - Waiting...
[32m>> [39mFile "slides/crear-ambiente.md" changed.
[36mCompleted in 0.000s at Fri May 22 2015 07:03:12 GMT-0500 (CDT)[39m - Waiting...
[32m>> [39mFile "slides/crear-ambiente.md" changed.
[36mCompleted in 0.000s at Fri May 22 2015 07:04:14 GMT-0500 (CDT)[39m - Waiting...
[32m>> [39mFile "slides/crear-ambiente.md" changed.
[36mCompleted in 0.000s at Fri May 22 2015 07:05:37 GMT-0500 (CDT)[39m - Waiting...
[32m>> [39mFile "slides/crear-ambiente.md" changed.
[36mCompleted in 0.000s at Fri May 22 2015 07:05:48 GMT-0500 (CDT)[39m - Waiting...
[32m>> [39mFile "slides/list.json" changed.
[32m>> [39mFile "slides/limpiar-ambiente.md" added.
[4mRunning "buildIndex" task[24m

[32mDone, without errors.[39m
[36mCompleted in 1.637s at Fri May 22 2015 07:07:58 GMT-0500 (CDT)[39m - Waiting...
[32m>> [39mFile "index.html" changed.
[36mCompleted in 0.000s at Fri May 22 2015 07:07:59 GMT-0500 (CDT)[39m - Waiting...
[32m>> [39mFile "slides/limpiar-ambiente.md" changed.
[36mCompleted in 0.000s at Fri May 22 2015 07:13:00 GMT-0500 (CDT)[39m - Waiting...
[32m>> [39mFile "slides/list.json" changed.
[32m>> [39mFile "slides/utileria.md" added.
[4mRunning "buildIndex" task[24m

[32mDone, without errors.[39m
[36mCompleted in 1.968s at Fri May 22 2015 07:13:45 GMT-0500 (CDT)[39m - Waiting...
[32m>> [39mFile "index.html" changed.
[36mCompleted in 0.000s at Fri May 22 2015 07:13:45 GMT-0500 (CDT)[39m - Waiting...
[32m>> [39mFile "slides/utileria.md" changed.
[36mCompleted in 0.000s at Fri May 22 2015 07:14:58 GMT-0500 (CDT)[39m - Waiting...
[32m>> [39mFile "slides/utileria.md" changed.
[36mCompleted in 0.000s at Fri May 22 2015 07:15:28 GMT-0500 (CDT)[39m - Waiting...
[32m>> [39mFile "slides/utileria.md" changed.
[36mCompleted in 0.000s at Fri May 22 2015 07:18:46 GMT-0500 (CDT)[39m - Waiting...
[32m>> [39mFile "slides/utileria.md" changed.
[36mCompleted in 0.000s at Fri May 22 2015 07:18:50 GMT-0500 (CDT)[39m - Waiting...
[32m>> [39mFile "slides/utileria.md" changed.
[36mCompleted in 0.000s at Fri May 22 2015 07:19:55 GMT-0500 (CDT)[39m - Waiting...
[32m>> [39mFile "slides/utileria.md" changed.
[36mCompleted in 0.000s at Fri May 22 2015 07:20:25 GMT-0500 (CDT)[39m - Waiting...
[32m>> [39mFile "slides/utileria.md" changed.
[36mCompleted in 0.000s at Fri May 22 2015 07:20:28 GMT-0500 (CDT)[39m - Waiting...
[32m>> [39mFile "slides/utileria.md" changed.
[36mCompleted in 0.000s at Fri May 22 2015 07:20:51 GMT-0500 (CDT)[39m - Waiting...
[32m>> [39mFile "slides/utileria.md" changed.
[36mCompleted in 0.000s at Fri May 22 2015 07:27:06 GMT-0500 (CDT)[39m - Waiting...
[32m>> [39mFile "slides/utileria.md" changed.
[36mCompleted in 0.000s at Fri May 22 2015 07:28:18 GMT-0500 (CDT)[39m - Waiting...
[32m>> [39mFile "slides/list.json" changed.
[4mRunning "buildIndex" task[24m

[32mDone, without errors.[39m
[36mCompleted in 1.602s at Fri May 22 2015 07:29:07 GMT-0500 (CDT)[39m - Waiting...
[32m>> [39mFile "index.html" changed.
[36mCompleted in 0.000s at Fri May 22 2015 07:29:07 GMT-0500 (CDT)[39m - Waiting...
[32m>> [39mFile "slides/list.json" changed.
[4mRunning "buildIndex" task[24m

[32mDone, without errors.[39m
[36mCompleted in 1.753s at Fri May 22 2015 07:29:16 GMT-0500 (CDT)[39m - Waiting...
[32m>> [39mFile "index.html" changed.
[36mCompleted in 0.000s at Fri May 22 2015 07:29:16 GMT-0500 (CDT)[39m - Waiting...
[32m>> [39mFile "slides/utileria.md" changed.
[36mCompleted in 0.000s at Fri May 22 2015 07:29:37 GMT-0500 (CDT)[39m - Waiting...
[32m>> [39mFile "slides/utileria.md" changed.
[36mCompleted in 0.000s at Fri May 22 2015 07:30:05 GMT-0500 (CDT)[39m - Waiting...
[32m>> [39mFile "slides/utileria.md" changed.
[36mCompleted in 0.000s at Fri May 22 2015 07:30:15 GMT-0500 (CDT)[39m - Waiting...
[32m>> [39mFile "slides/limpiar-ambiente.md" changed.
[36mCompleted in 0.000s at Fri May 22 2015 07:31:08 GMT-0500 (CDT)[39m - Waiting...
[32m>> [39mFile "slides/list.json" changed.
[32m>> [39mFile "slides/stack-de-rails.md" added.
[4mRunning "buildIndex" task[24m

[32mDone, without errors.[39m
[36mCompleted in 1.698s at Fri May 22 2015 07:32:14 GMT-0500 (CDT)[39m - Waiting...
[32m>> [39mFile "index.html" changed.
[36mCompleted in 0.000s at Fri May 22 2015 07:32:14 GMT-0500 (CDT)[39m - Waiting...
[32m>> [39mFile "slides/stack-de-rails.md" changed.
[36mCompleted in 0.000s at Fri May 22 2015 07:35:18 GMT-0500 (CDT)[39m - Waiting...
[32m>> [39mFile "slides/stack-de-rails.md" changed.
[36mCompleted in 0.000s at Fri May 22 2015 07:35:31 GMT-0500 (CDT)[39m - Waiting...
[32m>> [39mFile "slides/stack-de-rails.md" changed.
[36mCompleted in 0.000s at Fri May 22 2015 07:35:39 GMT-0500 (CDT)[39m - Waiting...
[32m>> [39mFile "slides/stack-de-rails.md" changed.
[36mCompleted in 0.000s at Fri May 22 2015 07:36:09 GMT-0500 (CDT)[39m - Waiting...
[32m>> [39mFile "slides/stack-de-rails.md" changed.
[36mCompleted in 0.000s at Fri May 22 2015 07:36:43 GMT-0500 (CDT)[39m - Waiting...
[32m>> [39mFile "slides/stack-de-rails.md" changed.
[36mCompleted in 0.000s at Fri May 22 2015 07:36:45 GMT-0500 (CDT)[39m - Waiting...
[32m>> [39mFile "slides/stack-de-rails.md" changed.
[36mCompleted in 0.000s at Fri May 22 2015 07:37:10 GMT-0500 (CDT)[39m - Waiting...
[32m>> [39mFile "slides/stack-de-rails.md" changed.
[36mCompleted in 0.000s at Fri May 22 2015 07:37:11 GMT-0500 (CDT)[39m - Waiting...
[32m>> [39mFile "slides/stack-de-rails.md" changed.
[36mCompleted in 0.000s at Fri May 22 2015 07:37:49 GMT-0500 (CDT)[39m - Waiting...
[32m>> [39mFile "slides/stack-de-rails.md" changed.
[36mCompleted in 0.000s at Fri May 22 2015 07:39:04 GMT-0500 (CDT)[39m - Waiting...
[32m>> [39mFile "slides/list.json" changed.
[4mRunning "buildIndex" task[24m

[32mDone, without errors.[39m
[36mCompleted in 2.248s at Fri May 22 2015 07:39:41 GMT-0500 (CDT)[39m - Waiting...
[32m>> [39mFile "index.html" changed.
[36mCompleted in 0.000s at Fri May 22 2015 07:39:41 GMT-0500 (CDT)[39m - Waiting...
[32m>> [39mFile "slides/stack-de-rails.md" changed.
[36mCompleted in 0.000s at Fri May 22 2015 07:40:43 GMT-0500 (CDT)[39m - Waiting...
[32m>> [39mFile "slides/list.json" changed.
[4mRunning "buildIndex" task[24m

[32mDone, without errors.[39m
[36mCompleted in 1.679s at Fri May 22 2015 07:41:00 GMT-0500 (CDT)[39m - Waiting...
[32m>> [39mFile "slides/compose.md" added.
[32m>> [39mFile "index.html" changed.
[36mCompleted in 0.000s at Fri May 22 2015 07:41:01 GMT-0500 (CDT)[39m - Waiting...
[32m>> [39mFile "slides/compose.md" changed.
[36mCompleted in 0.000s at Fri May 22 2015 07:41:16 GMT-0500 (CDT)[39m - Waiting...
[32m>> [39mFile "slides/compose.md" changed.
[36mCompleted in 0.000s at Fri May 22 2015 07:41:39 GMT-0500 (CDT)[39m - Waiting...
[32m>> [39mFile "slides/list.json" changed.
[4mRunning "buildIndex" task[24m

[32mDone, without errors.[39m
[36mCompleted in 1.822s at Fri May 22 2015 07:41:52 GMT-0500 (CDT)[39m - Waiting...
[32m>> [39mFile "index.html" changed.
[32m>> [39mFile "slides/compose.md" changed.
[36mCompleted in 0.000s at Fri May 22 2015 07:43:45 GMT-0500 (CDT)[39m - Waiting...
[32m>> [39mFile "slides/compose.md" changed.
[36mCompleted in 0.000s at Fri May 22 2015 07:43:56 GMT-0500 (CDT)[39m - Waiting...
[32m>> [39mFile "slides/compose.md" changed.
[36mCompleted in 0.000s at Fri May 22 2015 07:44:14 GMT-0500 (CDT)[39m - Waiting...
[32m>> [39mFile "slides/compose.md" changed.
[36mCompleted in 0.000s at Fri May 22 2015 07:44:17 GMT-0500 (CDT)[39m - Waiting...
[32m>> [39mFile "slides/compose.md" changed.
[36mCompleted in 0.000s at Fri May 22 2015 07:46:29 GMT-0500 (CDT)[39m - Waiting...
[32m>> [39mFile "slides/list.json" changed.
[4mRunning "buildIndex" task[24m

[32mDone, without errors.[39m
[36mCompleted in 3.348s at Fri May 22 2015 07:50:03 GMT-0500 (CDT)[39m - Waiting...
[32m>> [39mFile "index.html" changed.
[36mCompleted in 0.000s at Fri May 22 2015 07:50:03 GMT-0500 (CDT)[39m - Waiting...
[32m>> [39mFile "slides/compose.md" changed.
[36mCompleted in 0.000s at Fri May 22 2015 07:56:14 GMT-0500 (CDT)[39m - Waiting...
[32m>> [39mFile "slides/list.json" changed.
[4mRunning "buildIndex" task[24m

[32mDone, without errors.[39m
[36mCompleted in 12.580s at Fri May 22 2015 08:00:55 GMT-0500 (CDT)[39m - Waiting...
[32m>> [39mFile "slides/configuracion.md" changed.
[32m>> [39mFile "index.html" changed.
[36mCompleted in 0.000s at Fri May 22 2015 08:01:59 GMT-0500 (CDT)[39m - Waiting...
[32m>> [39mFile "slides/configuracion.md" changed.
[36mCompleted in 0.000s at Fri May 22 2015 08:03:24 GMT-0500 (CDT)[39m - Waiting...
[32m>> [39mFile "slides/configuracion.md" changed.
[36mCompleted in 0.000s at Fri May 22 2015 08:04:17 GMT-0500 (CDT)[39m - Waiting...
[32m>> [39mFile "slides/configuracion.md" changed.
[36mCompleted in 0.000s at Fri May 22 2015 08:04:23 GMT-0500 (CDT)[39m - Waiting...
[32m>> [39mFile "slides/configuracion.md" changed.
[36mCompleted in 0.000s at Fri May 22 2015 08:04:29 GMT-0500 (CDT)[39m - Waiting...
[32m>> [39mFile "slides/list.json" changed.
[32m>> [39mFile "slides/contruir-y-correr.md" added.
[4mRunning "buildIndex" task[24m

[32mDone, without errors.[39m
[36mCompleted in 1.753s at Fri May 22 2015 08:06:44 GMT-0500 (CDT)[39m - Waiting...
[32m>> [39mFile "index.html" changed.
[32m>> [39mFile "slides/contruir-y-correr.md" changed.
[36mCompleted in 0.000s at Fri May 22 2015 08:09:03 GMT-0500 (CDT)[39m - Waiting...
[32m>> [39mFile "slides/contruir-y-correr.md" changed.
[36mCompleted in 0.000s at Fri May 22 2015 08:11:46 GMT-0500 (CDT)[39m - Waiting...
[32m>> [39mFile "slides/contruir-y-correr.md" changed.
[36mCompleted in 0.000s at Fri May 22 2015 08:18:59 GMT-0500 (CDT)[39m - Waiting...
[32m>> [39mFile "slides/contruir-y-correr.md" changed.
[36mCompleted in 0.000s at Fri May 22 2015 08:19:05 GMT-0500 (CDT)[39m - Waiting...
[32m>> [39mFile "slides/crear-ambiente.md" changed.
[36mCompleted in 0.000s at Fri May 22 2015 08:19:20 GMT-0500 (CDT)[39m - Waiting...
[32m>> [39mFile "slides/list.json" changed.
[4mRunning "buildIndex" task[24m

[32mDone, without errors.[39m
[36mCompleted in 2.525s at Fri May 22 2015 08:19:39 GMT-0500 (CDT)[39m - Waiting...
[32m>> [39mFile "index.html" changed.
[36mCompleted in 0.000s at Fri May 22 2015 08:19:40 GMT-0500 (CDT)[39m - Waiting...
[32m>> [39mFile "slides/list.json" changed.
[4mRunning "buildIndex" task[24m

[32mDone, without errors.[39m
[36mCompleted in 2.260s at Fri May 22 2015 08:33:19 GMT-0500 (CDT)[39m - Waiting...
[32m>> [39mFile "slides/docker-en-heroku.md" added.
[32m>> [39mFile "index.html" changed.
[36mCompleted in 0.000s at Fri May 22 2015 08:33:19 GMT-0500 (CDT)[39m - Waiting...
[32m>> [39mFile "slides/docker-en-heroku.md" changed.
[36mCompleted in 0.000s at Fri May 22 2015 08:34:06 GMT-0500 (CDT)[39m - Waiting...
[32m>> [39mFile "slides/docker-en-heroku.md" changed.
[36mCompleted in 0.000s at Fri May 22 2015 08:34:08 GMT-0500 (CDT)[39m - Waiting...
[32m>> [39mFile "slides/docker-en-heroku.md" changed.
[36mCompleted in 0.000s at Fri May 22 2015 08:34:44 GMT-0500 (CDT)[39m - Waiting...
[32m>> [39mFile "slides/docker-en-heroku.md" changed.
[36mCompleted in 0.000s at Fri May 22 2015 08:35:49 GMT-0500 (CDT)[39m - Waiting...
[32m>> [39mFile "slides/docker-en-heroku.md" changed.
[36mCompleted in 0.000s at Fri May 22 2015 08:36:33 GMT-0500 (CDT)[39m - Waiting...
[32m>> [39mFile "slides/list.json" changed.
[4mRunning "buildIndex" task[24m

[32mDone, without errors.[39m
[36mCompleted in 16.837s at Fri May 22 2015 08:39:05 GMT-0500 (CDT)[39m - Waiting...
[32m>> [39mFile "index.html" changed.
[36mCompleted in 0.000s at Fri May 22 2015 08:39:06 GMT-0500 (CDT)[39m - Waiting...
[32m>> [39mFile "slides/docker-en-heroku.md" changed.
[36mCompleted in 0.000s at Fri May 22 2015 08:39:31 GMT-0500 (CDT)[39m - Waiting...
[32m>> [39mFile "slides/docker-en-heroku.md" changed.
[36mCompleted in 0.000s at Fri May 22 2015 09:00:54 GMT-0500 (CDT)[39m - Waiting...
[32m>> [39mFile "slides/list.json" changed.
[4mRunning "buildIndex" task[24m

[32mDone, without errors.[39m
[36mCompleted in 9.294s at Fri May 22 2015 09:09:09 GMT-0500 (CDT)[39m - Waiting...
[32m>> [39mFile "slides/recomendaciones.md" changed.
[32m>> [39mFile "index.html" changed.
[36mCompleted in 0.000s at Fri May 22 2015 09:12:09 GMT-0500 (CDT)[39m - Waiting...
[32m>> [39mFile "slides/recomendaciones.md" changed.
[36mCompleted in 0.004s at Fri May 22 2015 09:13:29 GMT-0500 (CDT)[39m - Waiting...
[32m>> [39mFile "slides/recomendaciones.md" changed.
[36mCompleted in 0.000s at Fri May 22 2015 09:17:25 GMT-0500 (CDT)[39m - Waiting...
[32m>> [39mFile "slides/recomendaciones.md" changed.
[36mCompleted in 0.000s at Fri May 22 2015 09:18:30 GMT-0500 (CDT)[39m - Waiting...
[32m>> [39mFile "css/theme.css" changed.
[32m>> [39mFile "index.html" changed.
[36mCompleted in 0.000s at Fri May 22 2015 09:19:52 GMT-0500 (CDT)[39m - Waiting...
[32m>> [39mFile "dist" added.
[32m>> [39mFile "dist/bower_components" added.
[32m>> [39mFile "dist/bower_components/reveal.js" added.
[32m>> [39mFile "dist/bower_components/reveal.js/js" added.
[32m>> [39mFile "dist/bower_components/reveal.js/lib" added.
[32m>> [39mFile "dist/bower_components/reveal.js/plugin" added.
[32m>> [39mFile "dist/bower_components/reveal.js/test" added.
[32m>> [39mFile "dist/css" added.
[32m>> [39mFile "dist/js" added.
[4mRunning "coffeelint:all" (coffeelint) task[24m
[32m>> [39m1 file lint free.

[32mDone, without errors.[39m
[36mCompleted in 3.369s at Fri May 22 2015 09:19:57 GMT-0500 (CDT)[39m - Waiting...
[32m>> [39mFile "dist/.git" added.
[32m>> [39mFile "dist/.git/logs" added.
[4mRunning "coffeelint:all" (coffeelint) task[24m
[32m>> [39m1 file lint free.

[32mDone, without errors.[39m
[36mCompleted in 5.015s at Fri May 22 2015 09:20:13 GMT-0500 (CDT)[39m - Waiting...
[32m>> [39mFile "resources" added.
[4mRunning "coffeelint:all" (coffeelint) task[24m
[32m>> [39m1 file lint free.

[32mDone, without errors.[39m
[36mCompleted in 1.953s at Fri May 22 2015 09:21:29 GMT-0500 (CDT)[39m - Waiting...
[32m>> [39mFile "resources/images" added.
[4mRunning "coffeelint:all" (coffeelint) task[24m
[32m>> [39m1 file lint free.

[32mDone, without errors.[39m
[36mCompleted in 1.975s at Fri May 22 2015 09:21:35 GMT-0500 (CDT)[39m - Waiting...
[32m>> [39mFile "slides/list.json" changed.
[4mRunning "buildIndex" task[24m

[32mDone, without errors.[39m
[36mCompleted in 2.526s at Fri May 22 2015 09:21:55 GMT-0500 (CDT)[39m - Waiting...
[32m>> [39mFile "index.html" changed.
[36mCompleted in 0.000s at Fri May 22 2015 09:21:55 GMT-0500 (CDT)[39m - Waiting...
[32m>> [39mFile "slides/list.json" changed.
[4mRunning "buildIndex" task[24m

[32mDone, without errors.[39m
[36mCompleted in 2.246s at Fri May 22 2015 09:22:06 GMT-0500 (CDT)[39m - Waiting...
[32m>> [39mFile "index.html" changed.
[36mCompleted in 0.000s at Fri May 22 2015 09:22:06 GMT-0500 (CDT)[39m - Waiting...
[32m>> [39mFile "css/theme.css" changed.
[36mCompleted in 0.000s at Fri May 22 2015 09:22:12 GMT-0500 (CDT)[39m - Waiting...
[32m>> [39mFile "index.html" changed.
[36mCompleted in 0.000s at Fri May 22 2015 09:22:13 GMT-0500 (CDT)[39m - Waiting...
